Compiling the C compiler identification source file "CMakeCCompilerId.c" failed.
Compiler: C:/Program Files (x86)/Microsoft Visual Studio/2019/Community/VC/Tools/MSVC/14.23.28105/bin/HostX64/x64/cl.exe 
Build flags: 
Id flags:  

The output was:
2
Microsoft (R) C/C++ Optimizing Compiler Version 19.23.28106.4 for x64
Copyright (C) Microsoft Corporation.  All rights reserved.

CMakeCCompilerId.c
Microsoft (R) Incremental Linker Version 14.23.28106.4
Copyright (C) Microsoft Corporation.  All rights reserved.

/out:CMakeCCompilerId.exe 
CMakeCCompilerId.obj 
LINK : fatal error LNK1104: cannot open file 'LIBCMT.lib'


Compiling the CXX compiler identification source file "CMakeCXXCompilerId.cpp" failed.
Compiler: C:/Program Files (x86)/Microsoft Visual Studio/2019/Community/VC/Tools/MSVC/14.23.28105/bin/HostX64/x64/cl.exe 
Build flags: 
Id flags:  

The output was:
2
Microsoft (R) C/C++ Optimizing Compiler Version 19.23.28106.4 for x64
Copyright (C) Microsoft Corporation.  All rights reserved.

CMakeCXXCompilerId.cpp
Microsoft (R) Incremental Linker Version 14.23.28106.4
Copyright (C) Microsoft Corporation.  All rights reserved.

/out:CMakeCXXCompilerId.exe 
CMakeCXXCompilerId.obj 
LINK : fatal error LNK1104: cannot open file 'LIBCMT.lib'


Determining if the C compiler works failed with the following output:
Change Dir: C:/Users/nahbr/source/repos/PingPong/glm/out/build/x64-Debug/CMakeFiles/CMakeTmp

Run Build Command(s):C:/Program Files (x86)/Microsoft Visual Studio/2019/Community/Common7/IDE/CommonExtensions/Microsoft/CMake/Ninja/ninja.exe cmTC_0864e && [1/2] Building C object CMakeFiles\cmTC_0864e.dir\testCCompiler.c.obj
[2/2] Linking C executable cmTC_0864e.exe
FAILED: cmTC_0864e.exe 
cmd.exe /C "cd . && "C:\Program Files (x86)\Microsoft Visual Studio\2019\Community\Common7\IDE\CommonExtensions\Microsoft\CMake\CMake\bin\cmake.exe" -E vs_link_exe --intdir=CMakeFiles\cmTC_0864e.dir --rc=C:\PROGRA~2\WI3CF2~1\10\bin\100183~1.0\x64\rc.exe --mt=C:\PROGRA~2\WI3CF2~1\10\bin\100183~1.0\x64\mt.exe --manifests  -- C:\PROGRA~2\MIB055~1\2019\COMMUN~1\VC\Tools\MSVC\1423~1.281\bin\Hostx64\x64\link.exe /nologo CMakeFiles\cmTC_0864e.dir\testCCompiler.c.obj  /out:cmTC_0864e.exe /implib:cmTC_0864e.lib /pdb:cmTC_0864e.pdb /version:0.0  /machine:x64  /debug /INCREMENTAL /subsystem:console  kernel32.lib user32.lib gdi32.lib winspool.lib shell32.lib ole32.lib oleaut32.lib uuid.lib comdlg32.lib advapi32.lib && cd ."
LINK Pass 1: command "C:\PROGRA~2\MIB055~1\2019\COMMUN~1\VC\Tools\MSVC\1423~1.281\bin\Hostx64\x64\link.exe /nologo CMakeFiles\cmTC_0864e.dir\testCCompiler.c.obj /out:cmTC_0864e.exe /implib:cmTC_0864e.lib /pdb:cmTC_0864e.pdb /version:0.0 /machine:x64 /debug /INCREMENTAL /subsystem:console kernel32.lib user32.lib gdi32.lib winspool.lib shell32.lib ole32.lib oleaut32.lib uuid.lib comdlg32.lib advapi32.lib /MANIFEST /MANIFESTFILE:CMakeFiles\cmTC_0864e.dir/intermediate.manifest CMakeFiles\cmTC_0864e.dir/manifest.res" failed (exit code 1104) with the following output:
LINK : fatal error LNK1104: cannot open file 'kernel32.lib'
ninja: build stopped: subcommand failed.



Compiling the C compiler identification source file "CMakeCCompilerId.c" failed.
Compiler: C:/Program Files (x86)/Microsoft Visual Studio/2019/Community/VC/Tools/MSVC/14.23.28105/bin/HostX64/x64/cl.exe 
Build flags: /DWIN32;/D_WINDOWS;/W3
Id flags:  

The output was:
2
Microsoft (R) C/C++ Optimizing Compiler Version 19.23.28106.4 for x64
Copyright (C) Microsoft Corporation.  All rights reserved.

CMakeCCompilerId.c
Microsoft (R) Incremental Linker Version 14.23.28106.4
Copyright (C) Microsoft Corporation.  All rights reserved.

/out:CMakeCCompilerId.exe 
CMakeCCompilerId.obj 
LINK : fatal error LNK1104: cannot open file 'LIBCMT.lib'


Compiling the CXX compiler identification source file "CMakeCXXCompilerId.cpp" failed.
Compiler: C:/Program Files (x86)/Microsoft Visual Studio/2019/Community/VC/Tools/MSVC/14.23.28105/bin/HostX64/x64/cl.exe 
Build flags: 
Id flags:  

The output was:
2
Microsoft (R) C/C++ Optimizing Compiler Version 19.23.28106.4 for x64
Copyright (C) Microsoft Corporation.  All rights reserved.

CMakeCXXCompilerId.cpp
Microsoft (R) Incremental Linker Version 14.23.28106.4
Copyright (C) Microsoft Corporation.  All rights reserved.

/out:CMakeCXXCompilerId.exe 
CMakeCXXCompilerId.obj 
LINK : fatal error LNK1104: cannot open file 'LIBCMT.lib'


Determining if the C compiler works failed with the following output:
Change Dir: C:/Users/nahbr/source/repos/PingPong/glm/out/build/x64-Debug/CMakeFiles/CMakeTmp

Run Build Command(s):C:/Program Files (x86)/Microsoft Visual Studio/2019/Community/Common7/IDE/CommonExtensions/Microsoft/CMake/Ninja/ninja.exe cmTC_f8fa5 && [1/2] Building C object CMakeFiles\cmTC_f8fa5.dir\testCCompiler.c.obj
[2/2] Linking C executable cmTC_f8fa5.exe
FAILED: cmTC_f8fa5.exe 
cmd.exe /C "cd . && "C:\Program Files (x86)\Microsoft Visual Studio\2019\Community\Common7\IDE\CommonExtensions\Microsoft\CMake\CMake\bin\cmake.exe" -E vs_link_exe --intdir=CMakeFiles\cmTC_f8fa5.dir --rc=C:\PROGRA~2\WI3CF2~1\10\bin\100183~1.0\x64\rc.exe --mt=C:\PROGRA~2\WI3CF2~1\10\bin\100183~1.0\x64\mt.exe --manifests  -- C:\PROGRA~2\MIB055~1\2019\COMMUN~1\VC\Tools\MSVC\1423~1.281\bin\Hostx64\x64\link.exe /nologo CMakeFiles\cmTC_f8fa5.dir\testCCompiler.c.obj  /out:cmTC_f8fa5.exe /implib:cmTC_f8fa5.lib /pdb:cmTC_f8fa5.pdb /version:0.0  /machine:x64  /debug /INCREMENTAL /subsystem:console  kernel32.lib user32.lib gdi32.lib winspool.lib shell32.lib ole32.lib oleaut32.lib uuid.lib comdlg32.lib advapi32.lib && cd ."
LINK Pass 1: command "C:\PROGRA~2\MIB055~1\2019\COMMUN~1\VC\Tools\MSVC\1423~1.281\bin\Hostx64\x64\link.exe /nologo CMakeFiles\cmTC_f8fa5.dir\testCCompiler.c.obj /out:cmTC_f8fa5.exe /implib:cmTC_f8fa5.lib /pdb:cmTC_f8fa5.pdb /version:0.0 /machine:x64 /debug /INCREMENTAL /subsystem:console kernel32.lib user32.lib gdi32.lib winspool.lib shell32.lib ole32.lib oleaut32.lib uuid.lib comdlg32.lib advapi32.lib /MANIFEST /MANIFESTFILE:CMakeFiles\cmTC_f8fa5.dir/intermediate.manifest CMakeFiles\cmTC_f8fa5.dir/manifest.res" failed (exit code 1104) with the following output:
LINK : fatal error LNK1104: cannot open file 'kernel32.lib'
ninja: build stopped: subcommand failed.



Compiling the C compiler identification source file "CMakeCCompilerId.c" failed.
Compiler: C:/Program Files (x86)/Microsoft Visual Studio/2019/Community/VC/Tools/MSVC/14.23.28105/bin/HostX64/x64/cl.exe 
Build flags: /DWIN32;/D_WINDOWS;/W3
Id flags:  

The output was:
2
Microsoft (R) C/C++ Optimizing Compiler Version 19.23.28106.4 for x64
Copyright (C) Microsoft Corporation.  All rights reserved.

CMakeCCompilerId.c
Microsoft (R) Incremental Linker Version 14.23.28106.4
Copyright (C) Microsoft Corporation.  All rights reserved.

/out:CMakeCCompilerId.exe 
CMakeCCompilerId.obj 
LINK : fatal error LNK1104: cannot open file 'LIBCMT.lib'


Compiling the CXX compiler identification source file "CMakeCXXCompilerId.cpp" failed.
Compiler: C:/Program Files (x86)/Microsoft Visual Studio/2019/Community/VC/Tools/MSVC/14.23.28105/bin/HostX64/x64/cl.exe 
Build flags: 
Id flags:  

The output was:
2
Microsoft (R) C/C++ Optimizing Compiler Version 19.23.28106.4 for x64
Copyright (C) Microsoft Corporation.  All rights reserved.

CMakeCXXCompilerId.cpp
Microsoft (R) Incremental Linker Version 14.23.28106.4
Copyright (C) Microsoft Corporation.  All rights reserved.

/out:CMakeCXXCompilerId.exe 
CMakeCXXCompilerId.obj 
LINK : fatal error LNK1104: cannot open file 'LIBCMT.lib'


Determining if the C compiler works failed with the following output:
Change Dir: C:/Users/nahbr/source/repos/PingPong/glm/out/build/x64-Debug/CMakeFiles/CMakeTmp

Run Build Command(s):C:/Program Files (x86)/Microsoft Visual Studio/2019/Community/Common7/IDE/CommonExtensions/Microsoft/CMake/Ninja/ninja.exe cmTC_dda1c && [1/2] Building C object CMakeFiles\cmTC_dda1c.dir\testCCompiler.c.obj
[2/2] Linking C executable cmTC_dda1c.exe
FAILED: cmTC_dda1c.exe 
cmd.exe /C "cd . && "C:\Program Files (x86)\Microsoft Visual Studio\2019\Community\Common7\IDE\CommonExtensions\Microsoft\CMake\CMake\bin\cmake.exe" -E vs_link_exe --intdir=CMakeFiles\cmTC_dda1c.dir --rc=C:\PROGRA~2\WI3CF2~1\10\bin\100183~1.0\x64\rc.exe --mt=C:\PROGRA~2\WI3CF2~1\10\bin\100183~1.0\x64\mt.exe --manifests  -- C:\PROGRA~2\MIB055~1\2019\COMMUN~1\VC\Tools\MSVC\1423~1.281\bin\Hostx64\x64\link.exe /nologo CMakeFiles\cmTC_dda1c.dir\testCCompiler.c.obj  /out:cmTC_dda1c.exe /implib:cmTC_dda1c.lib /pdb:cmTC_dda1c.pdb /version:0.0  /machine:x64  /debug /INCREMENTAL /subsystem:console  kernel32.lib user32.lib gdi32.lib winspool.lib shell32.lib ole32.lib oleaut32.lib uuid.lib comdlg32.lib advapi32.lib && cd ."
LINK Pass 1: command "C:\PROGRA~2\MIB055~1\2019\COMMUN~1\VC\Tools\MSVC\1423~1.281\bin\Hostx64\x64\link.exe /nologo CMakeFiles\cmTC_dda1c.dir\testCCompiler.c.obj /out:cmTC_dda1c.exe /implib:cmTC_dda1c.lib /pdb:cmTC_dda1c.pdb /version:0.0 /machine:x64 /debug /INCREMENTAL /subsystem:console kernel32.lib user32.lib gdi32.lib winspool.lib shell32.lib ole32.lib oleaut32.lib uuid.lib comdlg32.lib advapi32.lib /MANIFEST /MANIFESTFILE:CMakeFiles\cmTC_dda1c.dir/intermediate.manifest CMakeFiles\cmTC_dda1c.dir/manifest.res" failed (exit code 1104) with the following output:
LINK : fatal error LNK1104: cannot open file 'kernel32.lib'
ninja: build stopped: subcommand failed.



